<testsuite errors="0" failures="0" hostname="Popeye.local" name="Contract Tests" skipped="0"
    tests="1" time="0.42" timestamp="2023-05-19T23:32:29">
    <properties>
[...]
</properties>
    <testcase classname="in.specmatic.test.SpecmaticJUnitSupport" name="" time="0.23">
        <system-out><![CDATA[
unique-id: [engine:junit-jupiter]/[class:in.specmatic.test.SpecmaticJUnitSupport]/[test-factory:contractTest()]/[dynamic-test:#1]
display-name:  Scenario: GET /products -> 200 | GET_ALL_PRODUCTS
]]></system-out>
    </testcase>
    <system-out><![CDATA[
unique-id: [engine:junit-jupiter]
display-name: Contract Tests
]]></system-out>
</testsuite>
